2025-10-19 01:04:51 [ERROR]: Command find requires authentication
2025-10-19 01:05:39 [ERROR]: MongoServerError: Command find requires authentication
    at Connection.sendCommand (D:\ticket-raise-system\backend\node_modules\mongodb\lib\cmap\connection.js:306:27)
    at process.processTicksAndRejections (node:internal/process/task_queues:105:5)
    at async Connection.command (D:\ticket-raise-system\backend\node_modules\mongodb\lib\cmap\connection.js:334:26)
    at async Server.command (D:\ticket-raise-system\backend\node_modules\mongodb\lib\sdam\server.js:194:29)
    at async tryOperation (D:\ticket-raise-system\backend\node_modules\mongodb\lib\operations\execute_operation.js:213:32)
    at async executeOperation (D:\ticket-raise-system\backend\node_modules\mongodb\lib\operations\execute_operation.js:78:16)
    at async FindCursor._initialize (D:\ticket-raise-system\backend\node_modules\mongodb\lib\cursor\find_cursor.js:62:26)
    at async FindCursor.cursorInit (D:\ticket-raise-system\backend\node_modules\mongodb\lib\cursor\abstract_cursor.js:632:27)
    at async FindCursor.fetchBatch (D:\ticket-raise-system\backend\node_modules\mongodb\lib\cursor\abstract_cursor.js:666:13)
    at async FindCursor.next (D:\ticket-raise-system\backend\node_modules\mongodb\lib\cursor\abstract_cursor.js:342:17)
2025-10-19 01:10:38 [ERROR]: Expected ',' or '}' after property value in JSON at position 60 (line 4 column 5) - /api/auth/register
2025-10-19 01:14:46 [ERROR]: MongoServerError: Command find requires authentication
    at Connection.sendCommand (D:\ticket-raise-system\backend\node_modules\mongodb\lib\cmap\connection.js:306:27)
    at process.processTicksAndRejections (node:internal/process/task_queues:105:5)
    at async Connection.command (D:\ticket-raise-system\backend\node_modules\mongodb\lib\cmap\connection.js:334:26)
    at async Server.command (D:\ticket-raise-system\backend\node_modules\mongodb\lib\sdam\server.js:194:29)
    at async tryOperation (D:\ticket-raise-system\backend\node_modules\mongodb\lib\operations\execute_operation.js:213:32)
    at async executeOperation (D:\ticket-raise-system\backend\node_modules\mongodb\lib\operations\execute_operation.js:78:16)
    at async FindCursor._initialize (D:\ticket-raise-system\backend\node_modules\mongodb\lib\cursor\find_cursor.js:62:26)
    at async FindCursor.cursorInit (D:\ticket-raise-system\backend\node_modules\mongodb\lib\cursor\abstract_cursor.js:632:27)
    at async FindCursor.fetchBatch (D:\ticket-raise-system\backend\node_modules\mongodb\lib\cursor\abstract_cursor.js:666:13)
    at async FindCursor.next (D:\ticket-raise-system\backend\node_modules\mongodb\lib\cursor\abstract_cursor.js:342:17)
2025-10-19 01:18:28 [ERROR]: Error While connecting to DB Authentication failed.
2025-10-19 01:29:27 [ERROR]: Expected double-quoted property name in JSON at position 40 (line 4 column 1) - /api/auth/login
2025-10-19 16:56:25 [ERROR]: Error While connecting to DB connect ECONNREFUSED ::1:27017, connect ECONNREFUSED 127.0.0.1:27017
2025-10-19 19:27:24 [ERROR]: Cannot read properties of undefined (reading 'message')
2025-10-19 19:27:40 [ERROR]: Cannot set headers after they are sent to the client
2025-10-19 19:27:40 [ERROR]: Cannot set headers after they are sent to the client - /api/tickets
2025-10-19 19:29:05 [ERROR]: Cannot read properties of undefined (reading 'message')
2025-10-19 19:30:12 [ERROR]: Cannot set headers after they are sent to the client
2025-10-19 19:30:12 [ERROR]: Cannot set headers after they are sent to the client - /api/tickets
2025-10-19 19:43:47 [ERROR]: Error: User already exists
    at AuthService.register (file:///D:/ticket-raise-system/backend/src/services/auth.service.js:10:13)
    at process.processTicksAndRejections (node:internal/process/task_queues:105:5)
    at async register (file:///D:/ticket-raise-system/backend/src/controllers/auth.controller.js:26:22)
2025-10-19 19:46:38 [ERROR]: Not authorized to access this ticket
2025-10-19 19:47:03 [ERROR]: Not authorized to access this ticket
2025-10-19 19:47:22 [ERROR]: Not authorized to access this ticket
2025-10-19 20:09:30 [ERROR]: Not authorized to view comments for this ticket
2025-10-19 20:11:12 [ERROR]: Not authorized to view comments for this ticket
2025-10-19 20:12:55 [ERROR]: Cannot destructure property 'message' of 'req.body' as it is undefined.
2025-10-19 20:15:25 [ERROR]: Not authorized to access this ticket
2025-10-20 17:29:41 [ERROR]: Error While connecting to DB bad auth : Authentication failed.
2025-10-20 17:31:00 [ERROR]: Error While connecting to DB bad auth : Authentication failed.
2025-10-20 17:31:56 [ERROR]: Error While connecting to DB bad auth : Authentication failed.
